p/1591919720298.jpg 1 0 0 264 191
p/1591919720296.jpg 1 0 0 275 183
p/1591919720294.jpg 1 0 0 220 229
p/1591919720293.jpg 1 0 0 232 217
p/1591919720291.jpg 1 0 0 284 177
p/1591919720290.jpg 1 0 0 300 168
p/1591919720286.jpg 1 0 0 275 183
p/1591919720285.jpg 1 0 0 296 170
p/1591919720283.jpg 1 0 0 275 183
p/1591919720282.jpg 1 0 0 276 183
p/1591919720280.jpg 1 0 0 275 183
p/1591919720279.jpg 1 0 0 275 183
p/1591919720277.jpg 1 0 0 275 183
p/1591919720276.jpg 1 0 0 183 275
p/1591919720274.jpg 1 0 0 259 194
p/1591919720272.jpg 1 0 0 275 183
p/1591919720269.jpg 1 0 0 300 168
p/1591919720268.jpg 1 0 0 257 194
p/1591919720266.jpg 1 0 0 262 192
p/1591919720265.jpg 1 0 0 264 191
p/1591919720263.jpg 1 0 0 296 160
p/1591919720261.jpg 1 0 0 300 168
p/1591919720260.jpg 1 0 0 275 183
p/1591919720258.jpg 1 0 0 290 174
p/1591919720257.jpg 1 0 0 262 192
p/1591919720255.jpg 1 0 0 300 168
p/1591919720252.jpg 1 0 0 300 168
p/1591919720250.jpg 1 0 0 289 174
p/1591919720249.jpg 1 0 0 320 157
p/1591919720247.jpg 1 0 0 262 193
p/1591919720245.jpg 1 0 0 320 157
p/1591919720244.jpg 1 0 0 272 185
p/1591919720242.jpg 1 0 0 299 168
p/1591919720241.jpg 1 0 0 301 167
p/1591919720239.jpg 1 0 0 268 188
p/1591919720237.jpg 1 0 0 300 168
p/1591919720234.jpg 1 0 0 266 189
p/1591919720232.jpg 1 0 0 275 183
p/1591919720231.jpg 1 0 0 267 189
p/1591919720229.jpg 1 0 0 270 187
p/1591919720228.jpg 1 0 0 265 190
p/1591919720226.jpg 1 0 0 309 163
p/1591919720225.jpg 1 0 0 328 154
p/1591919720223.jpg 1 0 0 275 183
p/1591919720221.jpg 1 0 0 284 160
p/1591919720220.jpg 1 0 0 275 183
p/1591919720217.jpg 1 0 0 225 225
p/1591919720215.jpg 1 0 0 299 168
p/1591919720214.jpg 1 0 0 299 168
p/1591919720212.jpg 1 0 0 285 177
p/1591919720211.jpg 1 0 0 275 183
p/1591919720209.jpg 1 0 0 301 167
p/1591919720208.jpg 1 0 0 251 201
p/1591919720331.jpg 1 0 0 275 183
p/1591919719725.jpg 1 0 0 284 177
p/1591919719723.jpg 1 0 0 275 183
p/1591919719769.jpg 1 0 0 299 168
p/1591919719768.jpg 1 0 0 275 183
p/1591919720329.jpg 1 0 0 265 190
p/1591919719719.jpg 1 0 0 275 183
p/1591919719766.jpg 1 0 0 310 162
p/1591919720328.jpg 1 0 0 299 168
p/1591919720326.jpg 1 0 0 284 177
p/1591919720324.jpg 1 0 0 286 176
p/1591919720321.jpg 1 0 0 272 185
p/1591919719717.jpg 1 0 0 275 183
p/1591919719716.jpg 1 0 0 275 183
p/1591919719764.jpg 1 0 0 275 183
p/1591919720320.jpg 1 0 0 275 183
p/1591919719714.jpg 1 0 0 290 174
p/1591919719713.jpg 1 0 0 299 168
p/1591919720317.jpg 1 0 0 300 168
p/1591919719763.jpg 1 0 0 284 177
p/1591919720206.jpg 1 0 0 225 225
p/1591919720204.jpg 1 0 0 194 260
p/1591919720203.jpg 1 0 0 244 207
p/1591919720196.jpg 1 0 0 225 225
p/1591919720195.jpg 1 0 0 259 194
p/1591919720193.jpg 1 0 0 225 225
p/1591919720192.jpg 1 0 0 225 225
p/1591919720190.jpg 1 0 0 358 141
p/1591919720189.jpg 1 0 0 228 221
p/1591919720187.jpg 1 0 0 265 190
p/1591919720185.jpg 1 0 0 225 169
p/1591919720184.jpg 1 0 0 225 225
p/1591919720182.jpg 1 0 0 224 225
p/1591919720179.jpg 1 0 0 225 225
p/1591919720178.jpg 1 0 0 264 191
p/1591919720176.jpg 1 0 0 259 194
p/1591919720174.jpg 1 0 0 225 225
p/1591919720173.jpg 1 0 0 219 231
p/1591919720171.jpg 1 0 0 225 225
p/1591919720170.jpg 1 0 0 224 225
p/1591919720168.jpg 1 0 0 225 225
p/1591919720167.jpg 1 0 0 225 225
p/1591919720165.jpg 1 0 0 300 168
p/1591919720163.jpg 1 0 0 184 274
p/1591919720161.jpg 1 0 0 225 225
p/1591919720160.jpg 1 0 0 305 165
p/1591919720158.jpg 1 0 0 274 184
p/1591919720157.jpg 1 0 0 225 225
p/1591919720155.jpg 1 0 0 225 225
p/1591919720153.jpg 1 0 0 225 225
p/1591919720152.jpg 1 0 0 225 224
p/1591919720150.jpg 1 0 0 266 190
p/1591919720149.jpg 1 0 0 204 247
p/1591919720146.jpg 1 0 0 223 226
p/1591919720144.jpg 1 0 0 226 223
p/1591919720142.jpg 1 0 0 225 225
p/1591919720141.jpg 1 0 0 226 223
p/1591919720139.jpg 1 0 0 259 194
p/1591919720138.jpg 1 0 0 225 225
p/1591919720136.jpg 1 0 0 276 183
p/1591919720135.jpg 1 0 0 225 225
p/1591919720133.jpg 1 0 0 365 138
p/1591919720132.jpg 1 0 0 275 183
p/1591919720129.jpg 1 0 0 225 225
p/1591919720127.jpg 1 0 0 266 190
p/1591919720126.jpg 1 0 0 300 168
p/1591919720124.jpg 1 0 0 277 182
p/1591919720123.jpg 1 0 0 225 225
p/1591919720121.jpg 1 0 0 225 225
p/1591919720119.jpg 1 0 0 225 225
p/1591919720118.jpg 1 0 0 284 177
p/1591919720116.jpg 1 0 0 225 225
p/1591919720115.jpg 1 0 0 225 225
p/1591919720112.jpg 1 0 0 225 225
p/1591919720110.jpg 1 0 0 200 200
p/1591919720109.jpg 1 0 0 225 225
p/1591919720107.jpg 1 0 0 225 225
p/1591919720106.jpg 1 0 0 229 220
p/1591919720104.jpg 1 0 0 275 183
p/1591919720103.jpg 1 0 0 225 225
p/1591919720102.jpg 1 0 0 225 225
p/1591919720100.jpg 1 0 0 224 225
p/1591919720099.jpg 1 0 0 225 225
p/1591919720096.jpg 1 0 0 226 223
p/1591919720094.jpg 1 0 0 225 225
p/1591919720093.jpg 1 0 0 225 225
p/1591919720091.jpg 1 0 0 225 225
p/1591919720090.jpg 1 0 0 277 182
p/1591919720088.jpg 1 0 0 225 225
p/1591919720087.jpg 1 0 0 225 225
p/1591919720085.jpg 1 0 0 275 183
p/1591919720084.jpg 1 0 0 225 225
p/1591919720082.jpg 1 0 0 202 249
p/1591919720080.jpg 1 0 0 225 225
p/1591919720078.jpg 1 0 0 265 190
p/1591919720077.jpg 1 0 0 276 183
p/1591919720075.jpg 1 0 0 225 225
p/1591919720074.jpg 1 0 0 225 225
p/1591919720072.jpg 1 0 0 255 198
p/1591919720071.jpg 1 0 0 168 300
p/1591919720069.jpg 1 0 0 275 183
p/1591919720068.jpg 1 0 0 228 221
p/1591919720066.jpg 1 0 0 225 225
p/1591919720063.jpg 1 0 0 209 241
p/1591919720062.jpg 1 0 0 225 225
p/1591919720060.jpg 1 0 0 225 225
p/1591919720059.jpg 1 0 0 225 225
p/1591919720057.jpg 1 0 0 275 183
p/1591919720056.jpg 1 0 0 281 179
p/1591919720054.jpg 1 0 0 271 186
p/1591919720053.jpg 1 0 0 180 281
p/1591919720051.jpg 1 0 0 225 225
p/1591919720050.jpg 1 0 0 275 183
p/1591919720047.jpg 1 0 0 310 163
p/1591919720045.jpg 1 0 0 225 225
p/1591919720043.jpg 1 0 0 289 175
p/1591919720042.jpg 1 0 0 225 225
p/1591919720040.jpg 1 0 0 225 225
p/1591919720039.jpg 1 0 0 225 225
p/1591919720037.jpg 1 0 0 225 225
p/1591919720036.jpg 1 0 0 225 225
p/1591919720034.jpg 1 0 0 262 192
p/1591919720033.jpg 1 0 0 225 225
p/1591919720027.jpg 1 0 0 225 225
p/1591919720025.jpg 1 0 0 225 225
p/1591919720024.jpg 1 0 0 225 225
p/1591919720023.jpg 1 0 0 252 200
p/1591919720021.jpg 1 0 0 225 225
p/1591919720019.jpg 1 0 0 225 225
p/1591919720018.jpg 1 0 0 295 171
p/1591919720016.jpg 1 0 0 272 185
p/1591919720015.jpg 1 0 0 224 225
p/1591919720013.jpg 1 0 0 224 225
p/1591919720010.jpg 1 0 0 225 225
p/1591919720009.jpg 1 0 0 231 218
p/1591919720007.jpg 1 0 0 225 225
p/1591919720006.jpg 1 0 0 207 243
p/1591919720004.jpg 1 0 0 275 183
p/1591919720003.jpg 1 0 0 225 225
p/1591919720001.jpg 1 0 0 300 168
p/1591919720000.jpg 1 0 0 275 183
p/1591919719998.jpg 1 0 0 244 207
p/1591919719997.jpg 1 0 0 225 225
p/1591919719994.jpg 1 0 0 225 225
p/1591919719992.jpg 1 0 0 299 168
p/1591919719991.jpg 1 0 0 234 215
p/1591919719989.jpg 1 0 0 275 183
p/1591919719988.jpg 1 0 0 328 154
p/1591919719986.jpg 1 0 0 218 231
p/1591919719984.jpg 1 0 0 275 183
p/1591919719983.jpg 1 0 0 225 225
p/1591919719981.jpg 1 0 0 300 168
p/1591919719980.jpg 1 0 0 275 183
p/1591919719977.jpg 1 0 0 225 225
p/1591919719975.jpg 1 0 0 310 162
p/1591919719974.jpg 1 0 0 265 190
p/1591919719972.jpg 1 0 0 295 171
p/1591919719971.jpg 1 0 0 276 183
p/1591919719969.jpg 1 0 0 225 225
p/1591919719968.jpg 1 0 0 225 224
p/1591919719966.jpg 1 0 0 225 225
p/1591919719965.jpg 1 0 0 225 225
p/1591919719963.jpg 1 0 0 299 168
p/1591919719711.jpg 1 0 0 194 259
p/1591919720315.jpg 1 0 0 299 169
p/1591919720313.jpg 1 0 0 230 219
p/1591919719710.jpg 1 0 0 225 225
p/1591919719761.jpg 1 0 0 225 225
p/1591919719709.jpg 1 0 0 223 226
p/1591919719758.jpg 1 0 0 168 300
p/1591919719707.jpg 1 0 0 207 243
p/1591919720312.jpg 1 0 0 299 168
p/1591919720310.jpg 1 0 0 225 225
p/1591919720309.jpg 1 0 0 229 220
p/1591919719739.jpg 1 0 0 278 182
p/1591919719756.jpg 1 0 0 266 190
p/1591919720307.jpg 1 0 0 275 183
p/1591919719753.jpg 1 0 0 225 225
p/1591919720304.jpg 1 0 0 275 183
p/1591919719960.jpg 1 0 0 225 225
p/1591919719959.jpg 1 0 0 264 191
p/1591919719957.jpg 1 0 0 259 194
p/1591919719956.jpg 1 0 0 300 168
p/1591919719786.jpg 1 0 0 194 259
p/1591919719954.jpg 1 0 0 275 183
p/1591919719952.jpg 1 0 0 259 194
p/1591919719951.jpg 1 0 0 300 168
p/1591919719949.jpg 1 0 0 225 225
p/1591919719948.jpg 1 0 0 225 225
p/1591919719946.jpg 1 0 0 225 225
p/1591919719943.jpg 1 0 0 275 183
p/1591919719942.jpg 1 0 0 259 194
p/1591919719940.jpg 1 0 0 300 168
p/1591919719939.jpg 1 0 0 225 225
p/1591919719936.jpg 1 0 0 300 168
p/1591919719934.jpg 1 0 0 225 225
p/1591919719933.jpg 1 0 0 225 225
p/1591919719931.jpg 1 0 0 275 183
p/1591919719930.jpg 1 0 0 318 159
p/1591919719927.jpg 1 0 0 310 163
p/1591919719925.jpg 1 0 0 300 168
p/1591919719924.jpg 1 0 0 278 181
p/1591919719922.jpg 1 0 0 275 183
p/1591919719921.jpg 1 0 0 225 225
p/1591919719735.jpg 1 0 0 275 183
p/1591919719918.jpg 1 0 0 275 183
p/1591919719751.jpg 1 0 0 275 183
p/1591919719915.jpg 1 0 0 225 225
p/1591919719750.jpg 1 0 0 225 225
p/1591919719734.jpg 1 0 0 262 193
p/1591919719732.jpg 1 0 0 259 194
p/1591919720302.jpg 1 0 0 225 225
p/1591919720301.jpg 1 0 0 225 225
p/1591919720344.jpg 1 0 0 255 198
p/1591919719748.jpg 1 0 0 320 157
p/1591919720342.jpg 1 0 0 225 225
p/1591919719729.jpg 1 0 0 262 192
p/1591919720339.jpg 1 0 0 225 225
p/1591919719914.jpg 1 0 0 266 190
p/1591919719912.jpg 1 0 0 225 225
p/1591919719909.jpg 1 0 0 262 193
p/1591919719728.jpg 1 0 0 264 191
p/1591919719726.jpg 1 0 0 300 168
p/1591919719747.jpg 1 0 0 225 225
p/1591919720337.jpg 1 0 0 225 225
p/1591919720336.jpg 1 0 0 266 190
p/1591919719908.jpg 1 0 0 225 225
p/1591919719906.jpg 1 0 0 225 225
p/1591919719905.jpg 1 0 0 216 233
p/1591919719903.jpg 1 0 0 231 218
p/1591919719902.jpg 1 0 0 225 225
p/1591919719898.jpg 1 0 0 225 225
p/1591919719895.jpg 1 0 0 224 225
p/1591919719893.jpg 1 0 0 275 183
p/1591919719890.jpg 1 0 0 225 225
p/1591919719888.jpg 1 0 0 225 225
p/1591919719887.jpg 1 0 0 225 225
p/1591919719885.jpg 1 0 0 224 224
p/1591919719884.jpg 1 0 0 266 190
p/1591919719883.jpg 1 0 0 224 225
p/1591919719881.jpg 1 0 0 194 259
p/1591919719878.jpg 1 0 0 225 225
p/1591919719876.jpg 1 0 0 225 224
p/1591919719873.jpg 1 0 0 225 225
p/1591919719872.jpg 1 0 0 275 183
p/1591919719870.jpg 1 0 0 225 225
p/1591919719869.jpg 1 0 0 225 225
p/1591919719867.jpg 1 0 0 230 219
p/1591919719866.jpg 1 0 0 275 183
p/1591919719864.jpg 1 0 0 225 225
p/1591919719863.jpg 1 0 0 225 225
p/1591919719860.jpg 1 0 0 225 225
p/1591919719853.jpg 1 0 0 225 225
p/1591919719852.jpg 1 0 0 225 225
p/1591919719850.jpg 1 0 0 230 219
p/1591919719849.jpg 1 0 0 225 225
p/1591919719847.jpg 1 0 0 225 225
p/1591919719846.jpg 1 0 0 275 183
p/1591919719844.jpg 1 0 0 225 225
p/1591919719843.jpg 1 0 0 262 193
p/1591919719841.jpg 1 0 0 225 225
p/1591919719837.jpg 1 0 0 225 225
p/1591919719836.jpg 1 0 0 259 194
p/1591919719834.jpg 1 0 0 168 299
p/1591919719832.jpg 1 0 0 225 225
p/1591919719831.jpg 1 0 0 224 225
p/1591919719829.jpg 1 0 0 225 224
p/1591919719828.jpg 1 0 0 225 224
p/1591919719826.jpg 1 0 0 225 225
p/1591919719825.jpg 1 0 0 225 225
p/1591919719823.jpg 1 0 0 225 225
p/1591919719819.jpg 1 0 0 262 193
p/1591919719817.jpg 1 0 0 225 225
p/1591919719816.jpg 1 0 0 225 225
p/1591919719814.jpg 1 0 0 225 225
p/1591919719812.jpg 1 0 0 225 225
p/1591919719811.jpg 1 0 0 260 194
p/1591919719809.jpg 1 0 0 225 225
p/1591919719808.jpg 1 0 0 225 225
p/1591919719806.jpg 1 0 0 259 194
p/1591919719804.jpg 1 0 0 224 225
p/1591919719801.jpg 1 0 0 225 225
p/1591919719799.jpg 1 0 0 224 225
p/1591919719798.jpg 1 0 0 370 136
p/1591919719796.jpg 1 0 0 225 225
p/1591919719795.jpg 1 0 0 225 225
p/1591919719793.jpg 1 0 0 225 225
p/1591919719792.jpg 1 0 0 225 225
p/1591919719790.jpg 1 0 0 168 299
p/1591919719787.jpg 1 0 0 225 225
p/1591919719784.jpg 1 0 0 225 225
p/1591919719937.jpg 1 0 0 225 225
p/1591919719919.jpg 1 0 0 225 225
p/1591919719900.jpg 1 0 0 226 223
p/1591919719879.jpg 1 0 0 225 225
p/1591919719861.jpg 1 0 0 225 225
p/1591919719840.jpg 1 0 0 225 225
p/1591919719820.jpg 1 0 0 194 259
p/1591919719802.jpg 1 0 0 225 225
p/1591919719783.jpg 1 0 0 284 177
p/1591919720345.jpg 1 0 0 225 225
p/1591919720334.jpg 1 0 0 225 225
p/1591919719745.jpg 1 0 0 225 225
p/1591919719744.jpg 1 0 0 225 225
p/1591919719742.jpg 1 0 0 225 225
p/1591919719781.jpg 1 0 0 225 225
p/1591919719780.jpg 1 0 0 225 225
p/1591919719778.jpg 1 0 0 225 225
p/1591919719777.jpg 1 0 0 275 183
p/1591919719722.jpg 1 0 0 218 231
p/1591919719775.jpg 1 0 0 252 200
p/1591919719774.jpg 1 0 0 225 225
p/1591919719771.jpg 1 0 0 225 225
p/1591919720333.jpg 1 0 0 225 225
p/1591919720318.jpg 1 0 0 219 231
p/1591919719759.jpg 1 0 0 225 225
p/1591919720299.jpg 1 0 0 275 183
p/1591919719705.jpg 1 0 0 233 217
p/1591919720347.jpg 1 0 0 225 225
p/1591919719740.jpg 1 0 0 225 225
p/1591919719731.jpg 1 0 0 225 225
p/1591919719682.jpg 1 0 0 225 225
p/1591919720097.jpg 1 0 0 225 225
p/1591919720081.jpg 1 0 0 259 194
p/1591919720437.jpg 1 0 0 225 225
p/1591919720065.jpg 1 0 0 225 224
p/1591919720048.jpg 1 0 0 225 225
p/1591919720031.jpg 1 0 0 215 234
p/1591919719995.jpg 1 0 0 226 223
p/1591919719979.jpg 1 0 0 225 225
p/1591919719962.jpg 1 0 0 225 224
p/1591919719945.jpg 1 0 0 259 195
p/1591919719928.jpg 1 0 0 225 224
p/1591919719911.jpg 1 0 0 225 225
p/1591919719892.jpg 1 0 0 225 225
p/1591919720413.jpg 1 0 0 180 180
p/1591919719875.jpg 1 0 0 225 224
p/1591919719858.jpg 1 0 0 225 225
p/1591919719838.jpg 1 0 0 224 225
p/1591919719805.jpg 1 0 0 216 233
p/1591919719789.jpg 1 0 0 196 196
p/1591919720402.jpg 1 0 0 225 225
p/1591919719772.jpg 1 0 0 225 225
p/1591919719754.jpg 1 0 0 225 225
p/1591919719737.jpg 1 0 0 225 225
p/1591919719720.jpg 1 0 0 221 228
p/1591919719703.jpg 1 0 0 225 225
p/1591919719685.jpg 1 0 0 194 259
p/1591919720432.jpg 1 0 0 225 225
p/1591919720383.jpg 1 0 0 259 194
p/1591919720414.jpg 1 0 0 225 225
p/1591919720377.jpg 1 0 0 225 225
p/1591919720372.jpg 1 0 0 225 225
p/1591919719702.jpg 1 0 0 228 221
p/1591919719700.jpg 1 0 0 225 225
p/1591919720359.jpg 1 0 0 225 225
p/1591919719698.jpg 1 0 0 259 194
p/1591919719688.jpg 1 0 0 225 225
p/1591919720218.jpg 1 0 0 225 225
p/1591919720198.jpg 1 0 0 225 225
p/1591919720181.jpg 1 0 0 221 228
p/1591919720448.jpg 1 0 0 225 225
p/1591919720370.jpg 1 0 0 225 225
p/1591919720201.jpg 1 0 0 226 223
p/1591919720028.jpg 1 0 0 225 225
p/1591919720369.jpg 1 0 0 225 225
p/1591919720012.jpg 1 0 0 225 225
p/1591919720164.jpg 1 0 0 223 226
p/1591919720147.jpg 1 0 0 229 220
p/1591919720288.jpg 1 0 0 225 225
p/1591919719855.jpg 1 0 0 225 225
p/1591919719822.jpg 1 0 0 224 224
p/1591919720358.jpg 1 0 0 225 225
p/1591919720271.jpg 1 0 0 225 225
p/1591919720356.jpg 1 0 0 225 225
p/1591919720130.jpg 1 0 0 225 225
p/1591919720355.jpg 1 0 0 225 225
p/1591919720349.jpg 1 0 0 225 225
p/1591919720353.jpg 1 0 0 225 225
p/1591919720113.jpg 1 0 0 225 225
p/1591919720254.jpg 1 0 0 210 240
p/1591919720395.jpg 1 0 0 225 225
p/1591919720236.jpg 1 0 0 224 225
p/1591919720352.jpg 1 0 0 225 225
p/1591919720443.jpg 1 0 0 225 225
p/1591919720442.jpg 1 0 0 225 225
p/1591919720440.jpg 1 0 0 225 225
p/1591919720438.jpg 1 0 0 225 225
p/1591919720433.jpg 1 0 0 225 225
p/1591919720430.jpg 1 0 0 225 225
p/1591919720428.jpg 1 0 0 225 225
p/1591919720427.jpg 1 0 0 225 225
p/1591919720425.jpg 1 0 0 223 226
p/1591919720424.jpg 1 0 0 225 225
p/1591919720422.jpg 1 0 0 225 225
p/1591919720421.jpg 1 0 0 225 225
p/1591919720419.jpg 1 0 0 225 225
p/1591919720417.jpg 1 0 0 225 225
p/1591919720411.jpg 1 0 0 246 205
p/1591919720409.jpg 1 0 0 225 225
p/1591919720407.jpg 1 0 0 225 225
p/1591919720406.jpg 1 0 0 225 225
p/1591919720404.jpg 1 0 0 225 225
p/1591919720400.jpg 1 0 0 225 225
p/1591919720398.jpg 1 0 0 224 224
p/1591919720396.jpg 1 0 0 225 225
p/1591919720392.jpg 1 0 0 225 225
p/1591919720390.jpg 1 0 0 251 201
p/1591919720388.jpg 1 0 0 225 225
p/1591919720387.jpg 1 0 0 213 236
p/1591919720385.jpg 1 0 0 224 225
p/1591919720382.jpg 1 0 0 225 224
p/1591919720380.jpg 1 0 0 225 225
p/1591919720379.jpg 1 0 0 225 225
p/1591919720375.jpg 1 0 0 225 225
p/1591919719687.jpg 1 0 0 224 225
p/1591919720447.jpg 1 0 0 225 225
p/1591919720445.jpg 1 0 0 100 100
p/1591919719683.png 1 0 0 225 225
p/1591919720435.jpg 1 0 0 100 100
p/1591919719857.png 1 0 0 228 221
p/1591919720363.jpg 1 0 0 225 225
p/1591919720416.jpg 1 0 0 225 225
p/1591919720361.jpg 1 0 0 225 225
p/1591919720393.jpg 1 0 0 217 232
p/1591919720350.jpg 1 0 0 225 225
p/1591919720340.jpg 1 0 0 218 231
p/1591919720323.jpg 1 0 0 223 226
p/1591919719696.jpg 1 0 0 224 224
p/1591919719695.jpg 1 0 0 225 225
p/1591919720367.jpg 1 0 0 225 225
p/1591919719693.jpg 1 0 0 225 225
p/1591919719691.jpg 1 0 0 224 225
p/1591919720366.jpg 1 0 0 225 225
p/1591919720305.jpg 1 0 0 225 225
p/1591919719690.jpg 1 0 0 225 225
p/1591919720030.png 1 0 0 216 233
p/1591919720364.jpg 1 0 0 225 225
p/1591919720374.jpg 1 0 0 100 100
p/1591919720200.png 1 0 0 225 225